1558784973185	mozrunner::runner	INFO	Running command: "/usr/bin/firefox" "-marionette" "-foreground" "-no-remote" "-profile" "/tmp/rust_mozprofile.yrSC5PyYNgkW"
1558784973472	addons.webextension.screenshots@mozilla.org	WARN	Loading extension 'screenshots@mozilla.org': Reading manifest: Invalid extension permission: mozillaAddons
1558784973472	addons.webextension.screenshots@mozilla.org	WARN	Loading extension 'screenshots@mozilla.org': Reading manifest: Invalid extension permission: resource://pdf.js/
1558784973472	addons.webextension.screenshots@mozilla.org	WARN	Loading extension 'screenshots@mozilla.org': Reading manifest: Invalid extension permission: about:reader*
1558784974820	Marionette	INFO	Listening on port 43675
1558784974892	Marionette	WARN	TLS certificate errors will be ignored for this session
JavaScript warning: https://d2zywfiolv4f83.cloudfront.net/js/ws-js-stats.js?v=1540222734, line 1: unreachable code after return statement
JavaScript warning: https://es.whoscored.com/_Incapsula_Resource?SWJIYLWA=719d34d31c8e3a6e6fffd425f7e032f3&ns=1&cb=1743256609, line 1: unreachable code after return statement
JavaScript warning: https://es.whoscored.com/_Incapsula_Resource?SWJIYLWA=719d34d31c8e3a6e6fffd425f7e032f3&ns=1&cb=1743256609 line 1 > eval, line 1: unreachable code after return statement
JavaScript warning: https://es.whoscored.com/_Incapsula_Resource?SWJIYLWA=719d34d31c8e3a6e6fffd425f7e032f3&ns=3&cb=1488853528, line 1: unreachable code after return statement
JavaScript warning: https://es.whoscored.com/_Incapsula_Resource?SWJIYLWA=719d34d31c8e3a6e6fffd425f7e032f3&ns=3&cb=1488853528, line 1: unreachable code after return statement
JavaScript warning: https://es.whoscored.com/_Incapsula_Resource?SWJIYLWA=719d34d31c8e3a6e6fffd425f7e032f3&ns=3&cb=1488853528 line 1 > eval, line 1: unreachable code after return statement
JavaScript warning: https://d2zywfiolv4f83.cloudfront.net/js/ws.new.min.js?v=1540222734, line 12: String.slice is deprecated; use String.prototype.slice instead

(/usr/lib/firefox/firefox:23648): dconf-WARNING **: 13:49:42.269: Unable to open /var/lib/snapd/desktop/dconf/profile/user: Permission denied
1558784983329	Marionette	INFO	Stopped listening on port 43675
JavaScript error: chrome://browser/content/browser-customization.js, line 167: NS_ERROR_NOT_INITIALIZED: 
[Parent 23476, Gecko_IOThread] WARNING: pipe error (79): Connection reset by peer: file /build/firefox-xkwMhH/firefox-67.0+build2/ipc/chromium/src/chrome/common/ipc_channel_posix.cc, line 357
[Child 23648, Chrome_ChildThread] WARNING: pipe error: Broken pipe: file /build/firefox-xkwMhH/firefox-67.0+build2/ipc/chromium/src/chrome/common/ipc_channel_posix.cc, line 726
[Child 23648, Chrome_ChildThread] WARNING: pipe error: Broken pipe: file /build/firefox-xkwMhH/firefox-67.0+build2/ipc/chromium/src/chrome/common/ipc_channel_posix.cc, line 726
[Child 23648, Chrome_ChildThread] WARNING: pipe error: Broken pipe: file /build/firefox-xkwMhH/firefox-67.0+build2/ipc/chromium/src/chrome/common/ipc_channel_posix.cc, line 726
[Child 23648, Chrome_ChildThread] WARNING: pipe error: Broken pipe: file /build/firefox-xkwMhH/firefox-67.0+build2/ipc/chromium/src/chrome/common/ipc_channel_posix.cc, line 726
[Child 23648, Chrome_ChildThread] WARNING: pipe error: Broken pipe: file /build/firefox-xkwMhH/firefox-67.0+build2/ipc/chromium/src/chrome/common/ipc_channel_posix.cc, line 726
[Child 23648, Chrome_ChildThread] WARNING: pipe error: Broken pipe: file /build/firefox-xkwMhH/firefox-67.0+build2/ipc/chromium/src/chrome/common/ipc_channel_posix.cc, line 726
[Child 23648, Chrome_ChildThread] WARNING: pipe error: Broken pipe: file /build/firefox-xkwMhH/firefox-67.0+build2/ipc/chromium/src/chrome/common/ipc_channel_posix.cc, line 726

###!!! [Child][MessageChannel] Error: (msgtype=0x53000D,name=PHttpChannel::Msg_RemoveCorsPreflightCacheEntry) Closed channel: cannot send/recv

